<?xml version="1.0" encoding="UTF-8"?>
<!-- Generated by org.testng.reporters.JUnitXMLReporter -->
<testsuite ignored="4" hostname="Monu" failures="0" tests="1" name="Surefire test" time="38.51" errors="0" timestamp="2026-04-30T21:20:05 CDT">
  <testcase classname="com.uberframework.tests.LoginTest" name="testCookieBasedLogin" time="26.635"/>
  <testcase classname="com.uberframework.tests.LoginTest" name="testContinueButtonVisible" time="0.0">
    <ignored/>
  </testcase> <!-- testContinueButtonVisible -->
  <testcase classname="com.uberframework.tests.LoginTest" name="testInvalidEmailShowsError" time="0.0">
    <ignored/>
  </testcase> <!-- testInvalidEmailShowsError -->
  <testcase classname="com.uberframework.tests.LoginTest" name="testValidEmailAccepted" time="0.0">
    <ignored/>
  </testcase> <!-- testValidEmailAccepted -->
  <testcase classname="com.uberframework.tests.LoginTest" name="testLoginPageLoaded" time="0.0">
    <ignored/>
  </testcase> <!-- testLoginPageLoaded -->
</testsuite> <!-- Surefire test -->
